<?xml version="1.0" encoding="UTF-8"?>
<!-- Generated by org.testng.reporters.JUnitReportReporter -->
<testsuite hostname="MOR-ROMANO" failures="0" tests="1" name="sanity.GrafanaDatabase" time="3.840" errors="0" timestamp="26 Jul 2022 20:48:51 GMT" skipped="0">
  <testcase classname="sanity.GrafanaDatabase" name="test01_login_from_database_and_verify_header" time="3.840"/>
</testsuite> <!-- sanity.GrafanaDatabase -->
