<?xml version="1.0" encoding="UTF-8"?>
<!-- Generated by org.testng.reporters.JUnitReportReporter -->
<testsuite hostname="MOR-ROMANO" failures="0" tests="3" name="sanity.todoElectron" time="9.736" errors="0" timestamp="26 Jul 2022 20:34:39 GMT" skipped="0">
  <testcase classname="sanity.todoElectron" name="test02" time="2.665"/>
  <testcase classname="sanity.todoElectron" name="test03_add_task_and_color" time="3.741"/>
  <testcase classname="sanity.todoElectron" name="test01_add_new_task_and_verify" time="3.330"/>
</testsuite> <!-- sanity.todoElectron -->
