<?xml version="1.0" encoding="UTF-8"?>
<!-- Generated by org.testng.reporters.JUnitReportReporter -->
<testsuite hostname="MOR-ROMANO" failures="0" tests="2" name="sanity.CalculatorDesktop" time="31.658" errors="0" timestamp="26 Jul 2022 20:42:22 GMT" skipped="0">
  <testcase classname="sanity.CalculatorDesktop" name="test02_adding_five_to_six" time="15.583"/>
  <testcase classname="sanity.CalculatorDesktop" name="test01_adding_one_to_eight" time="16.075"/>
</testsuite> <!-- sanity.CalculatorDesktop -->
