<?xml version="1.0" encoding="UTF-8"?>
<!-- Generated by org.testng.reporters.JUnitReportReporter -->
<testsuite hostname="MOR-ROMANO" failures="0" tests="4" name="sanity.GrafanaAPI" time="3.779" errors="0" timestamp="26 Jul 2022 20:43:49 GMT" skipped="0">
  <testcase classname="sanity.GrafanaAPI" name="test04_delete_team" time="0.174"/>
  <testcase classname="sanity.GrafanaAPI" name="test03_update_team" time="0.202"/>
  <testcase classname="sanity.GrafanaAPI" name="test01_verify_team" time="3.157"/>
  <testcase classname="sanity.GrafanaAPI" name="test02_create_team_and_verify" time="0.246"/>
</testsuite> <!-- sanity.GrafanaAPI -->
